<!DOCTYPE html PUBLIC "-//W3C//DTD XHTML 1.1//EN" "https://www.w3.org/TR/xhtml11/DTD/xhtml11.dtd">
<html xmlns="https://www.w3.org/1999/xhtml">
<head>
<meta http-equiv="content-type" content="text/html; charset=UTF-8"/>
<title>TestNG Report</title>
<style type="text/css">table {margin-bottom:10px;border-collapse:collapse;empty-cells:show}th,td {border:1px solid #009;padding:.25em .5em}th {vertical-align:bottom}td {vertical-align:top}table a {font-weight:bold}.stripe td {background-color: #E6EBF9}.num {text-align:right}.passedodd td {background-color: #3F3}.passedeven td {background-color: #0A0}.skippedodd td {background-color: #DDD}.skippedeven td {background-color: #CCC}.failedodd td,.attn {background-color: #F33}.failedeven td,.stripe .attn {background-color: #D00}.stacktrace {white-space:pre;font-family:monospace}.totop {font-size:85%;text-align:center;border-bottom:2px solid #000}.invisible {display:none}</style>
</head>
<body>
<table>
<tr><th>Test</th><th># Passed</th><th># Skipped</th><th># Retried</th><th># Failed</th><th>Time (ms)</th><th>Included Groups</th><th>Excluded Groups</th></tr>
<tr><th colspan="8">Suite</th></tr>
<tr><td><a href="#t0">User</a></td><td class="num">6</td><td class="num">0</td><td class="num">0</td><td class="num">0</td><td class="num">173,297</td><td></td><td></td></tr>
<tr class="stripe"><td><a href="#t1">Admin</a></td><td class="num">3</td><td class="num">0</td><td class="num">0</td><td class="num attn">2</td><td class="num">78,396</td><td></td><td></td></tr>
<tr><th>Total</th><th class="num">9</th><th class="num">0</th><th class="num">0</th><th class="num attn">2</th><th class="num">251,693</th><th colspan="2"></th></tr>
</table>
<table id='summary'><thead><tr><th>Class</th><th>Method</th><th>Start</th><th>Time (ms)</th></tr></thead><tbody><tr><th colspan="4">Suite</th></tr></tbody><tbody id="t0"><tr><th colspan="4">User &#8212; passed</th></tr><tr class="passedeven"><td rowspan="6">Com_GNG_TestCases_User.Tc_006_OrdePlaced</td><td><a href="#m0">CShipping</a></td><td rowspan="1">1762759568702</td><td rowspan="1">879</td></tr><tr class="passedeven"><td><a href="#m1">CheckoutProduct</a></td><td rowspan="1">1762759535901</td><td rowspan="1">31106</td></tr><tr class="passedeven"><td><a href="#m2">Groc_UserLogin</a></td><td rowspan="1">1762759409047</td><td rowspan="1">8385</td></tr><tr class="passedeven"><td><a href="#m3">Home_Functionalityes</a></td><td rowspan="1">1762759417868</td><td rowspan="1">61973</td></tr><tr class="passedeven"><td><a href="#m4">Productpage</a></td><td rowspan="1">1762759524237</td><td rowspan="1">4561</td></tr><tr class="passedeven"><td><a href="#m5">shopPage</a></td><td rowspan="1">1762759480008</td><td rowspan="1">44080</td></tr></tbody>
<tbody id="t1"><tr><th colspan="4">Admin &#8212; failed</th></tr><tr class="failedeven"><td rowspan="2">Com_GNG_TestCases_Admin.Tc_005_Tags</td><td><a href="#m6">categoryTest</a></td><td rowspan="1">1762759631162</td><td rowspan="1">10356</td></tr><tr class="failedeven"><td><a href="#m7">tagsTest</a></td><td rowspan="1">1762759641528</td><td rowspan="1">10088</td></tr><tr><th colspan="4">Admin &#8212; passed</th></tr><tr class="passedeven"><td rowspan="3">Com_GNG_TestCases_Admin.Tc_005_Tags</td><td><a href="#m8">blogTest</a></td><td rowspan="1">1762759597523</td><td rowspan="1">33449</td></tr><tr class="passedeven"><td><a href="#m9">createTest</a></td><td rowspan="1">1762759587224</td><td rowspan="1">10057</td></tr><tr class="passedeven"><td><a href="#m10">testing</a></td><td rowspan="1">1762759582012</td><td rowspan="1">5053</td></tr></tbody>
</table>
<h2>User</h2><h3 id="m0">Com_GNG_TestCases_User.Tc_006_OrdePlaced#CShipping</h3><table class="result"><tr><th class="invisible"/></tr></table><p class="totop"><a href="#summary">back to summary</a></p>
<h3 id="m1">Com_GNG_TestCases_User.Tc_006_OrdePlaced#CheckoutProduct</h3><table class="result"><tr><th class="invisible"/></tr></table><p class="totop"><a href="#summary">back to summary</a></p>
<h3 id="m2">Com_GNG_TestCases_User.Tc_006_OrdePlaced#Groc_UserLogin</h3><table class="result"><tr><th class="invisible"/></tr></table><p class="totop"><a href="#summary">back to summary</a></p>
<h3 id="m3">Com_GNG_TestCases_User.Tc_006_OrdePlaced#Home_Functionalityes</h3><table class="result"><tr><th class="invisible"/></tr></table><p class="totop"><a href="#summary">back to summary</a></p>
<h3 id="m4">Com_GNG_TestCases_User.Tc_006_OrdePlaced#Productpage</h3><table class="result"><tr><th class="invisible"/></tr></table><p class="totop"><a href="#summary">back to summary</a></p>
<h3 id="m5">Com_GNG_TestCases_User.Tc_006_OrdePlaced#shopPage</h3><table class="result"><tr><th class="invisible"/></tr></table><p class="totop"><a href="#summary">back to summary</a></p>
<h2>Admin</h2><h3 id="m6">Com_GNG_TestCases_Admin.Tc_005_Tags#categoryTest</h3><table class="result"><tr><th>Exception</th></tr><tr><td><div class="stacktrace">org.openqa.selenium.ElementNotInteractableException: element not interactable
  (Session info: chrome=142.0.7444.60)
Build info: version: &apos;4.28.1&apos;, revision: &apos;73f5ad48a2&apos;
System info: os.name: &apos;Windows 10&apos;, os.arch: &apos;amd64&apos;, os.version: &apos;10.0&apos;, java.version: &apos;17.0.10&apos;
Driver info: org.openqa.selenium.chrome.ChromeDriver
Command: [e8a3b5f20332fd734800860e3b3d928d, clickElement {id=f.6150747D80A19867590D590D3FABF8B2.d.0F8FAD18E52C1400E2B0A2AB274D71F0.e.464}]
Capabilities {acceptInsecureCerts: false, browserName: chrome, browserVersion: 142.0.7444.60, chrome: {chromedriverVersion: 142.0.7444.61 (9884f628acbc..., userDataDir: C:\Users\Personal\AppData\L...}, fedcm:accounts: true, goog:chromeOptions: {debuggerAddress: localhost:58008}, goog:processID: 10708, networkConnectionEnabled: false, pageLoadStrategy: normal, platformName: windows, proxy: Proxy(), se:cdp: ws://localhost:58008/devtoo..., se:cdpVersion: 142.0.7444.60, setWindowRect: true, strictFileInteractability: false, timeouts: {implicit: 0, pageLoad: 300000, script: 30000}, unhandledPromptBehavior: dismiss and notify, webauthn:extension:credBlob: true, webauthn:extension:largeBlob: true, webauthn:extension:minPinLength: true, webauthn:extension:prf: true, webauthn:virtualAuthenticators: true}
Element: [[ChromeDriver: chrome on windows (e8a3b5f20332fd734800860e3b3d928d)] -&gt; xpath: (//a[@class=&apos;nav-link&apos;])[2]]
Session ID: e8a3b5f20332fd734800860e3b3d928d
	at org.openqa.selenium.remote.ErrorCodec.decode(ErrorCodec.java:167)
	at org.openqa.selenium.remote.codec.w3c.W3CHttpResponseCodec.decode(W3CHttpResponseCodec.java:138)
	at org.openqa.selenium.remote.codec.w3c.W3CHttpResponseCodec.decode(W3CHttpResponseCodec.java:50)
	at org.openqa.selenium.remote.HttpCommandExecutor.execute(HttpCommandExecutor.java:215)
	at org.openqa.selenium.remote.service.DriverCommandExecutor.invokeExecute(DriverCommandExecutor.java:216)
	at org.openqa.selenium.remote.service.DriverCommandExecutor.execute(DriverCommandExecutor.java:174)
	at org.openqa.selenium.remote.RemoteWebDriver.execute(RemoteWebDriver.java:545)
	at org.openqa.selenium.remote.RemoteWebElement.execute(RemoteWebElement.java:223)
	at org.openqa.selenium.remote.RemoteWebElement.click(RemoteWebElement.java:76)
	at org.openqa.selenium.support.pagefactory.internal.LocatingElementHandler.invoke(LocatingElementHandler.java:51)
	at jdk.proxy2/jdk.proxy2.$Proxy15.click(Unknown Source)
	at Com_GNG_PageObjects_Admin.Categories.cate(Categories.java:44)
	at Com_GNG_TestCases_Admin.Tc_004_category.categoryTest(Tc_004_category.java:14)
	at java.base/java.util.ArrayList.forEach(ArrayList.java:1511)
... Removed 35 stack frames</div></td></tr></table><p class="totop"><a href="#summary">back to summary</a></p>
<h3 id="m7">Com_GNG_TestCases_Admin.Tc_005_Tags#tagsTest</h3><table class="result"><tr><th>Exception</th></tr><tr><td><div class="stacktrace">org.openqa.selenium.ElementNotInteractableException: element not interactable
  (Session info: chrome=142.0.7444.60)
Build info: version: &apos;4.28.1&apos;, revision: &apos;73f5ad48a2&apos;
System info: os.name: &apos;Windows 10&apos;, os.arch: &apos;amd64&apos;, os.version: &apos;10.0&apos;, java.version: &apos;17.0.10&apos;
Driver info: org.openqa.selenium.chrome.ChromeDriver
Command: [e8a3b5f20332fd734800860e3b3d928d, clickElement {id=f.6150747D80A19867590D590D3FABF8B2.d.0F8FAD18E52C1400E2B0A2AB274D71F0.e.503}]
Capabilities {acceptInsecureCerts: false, browserName: chrome, browserVersion: 142.0.7444.60, chrome: {chromedriverVersion: 142.0.7444.61 (9884f628acbc..., userDataDir: C:\Users\Personal\AppData\L...}, fedcm:accounts: true, goog:chromeOptions: {debuggerAddress: localhost:58008}, goog:processID: 10708, networkConnectionEnabled: false, pageLoadStrategy: normal, platformName: windows, proxy: Proxy(), se:cdp: ws://localhost:58008/devtoo..., se:cdpVersion: 142.0.7444.60, setWindowRect: true, strictFileInteractability: false, timeouts: {implicit: 0, pageLoad: 300000, script: 30000}, unhandledPromptBehavior: dismiss and notify, webauthn:extension:credBlob: true, webauthn:extension:largeBlob: true, webauthn:extension:minPinLength: true, webauthn:extension:prf: true, webauthn:virtualAuthenticators: true}
Element: [[ChromeDriver: chrome on windows (e8a3b5f20332fd734800860e3b3d928d)] -&gt; xpath: (//a[@class=&apos;nav-link&apos;])[3]]
Session ID: e8a3b5f20332fd734800860e3b3d928d
	at org.openqa.selenium.remote.ErrorCodec.decode(ErrorCodec.java:167)
	at org.openqa.selenium.remote.codec.w3c.W3CHttpResponseCodec.decode(W3CHttpResponseCodec.java:138)
	at org.openqa.selenium.remote.codec.w3c.W3CHttpResponseCodec.decode(W3CHttpResponseCodec.java:50)
	at org.openqa.selenium.remote.HttpCommandExecutor.execute(HttpCommandExecutor.java:215)
	at org.openqa.selenium.remote.service.DriverCommandExecutor.invokeExecute(DriverCommandExecutor.java:216)
	at org.openqa.selenium.remote.service.DriverCommandExecutor.execute(DriverCommandExecutor.java:174)
	at org.openqa.selenium.remote.RemoteWebDriver.execute(RemoteWebDriver.java:545)
	at org.openqa.selenium.remote.RemoteWebElement.execute(RemoteWebElement.java:223)
	at org.openqa.selenium.remote.RemoteWebElement.click(RemoteWebElement.java:76)
	at org.openqa.selenium.support.pagefactory.internal.LocatingElementHandler.invoke(LocatingElementHandler.java:51)
	at jdk.proxy2/jdk.proxy2.$Proxy15.click(Unknown Source)
	at Com_GNG_PageObjects_Admin.Tags.openTag(Tags.java:34)
	at Com_GNG_TestCases_Admin.Tc_005_Tags.tagsTest(Tc_005_Tags.java:14)
	at java.base/java.util.ArrayList.forEach(ArrayList.java:1511)
... Removed 35 stack frames</div></td></tr></table><p class="totop"><a href="#summary">back to summary</a></p>
<h3 id="m8">Com_GNG_TestCases_Admin.Tc_005_Tags#blogTest</h3><table class="result"><tr><th class="invisible"/></tr></table><p class="totop"><a href="#summary">back to summary</a></p>
<h3 id="m9">Com_GNG_TestCases_Admin.Tc_005_Tags#createTest</h3><table class="result"><tr><th class="invisible"/></tr></table><p class="totop"><a href="#summary">back to summary</a></p>
<h3 id="m10">Com_GNG_TestCases_Admin.Tc_005_Tags#testing</h3><table class="result"><tr><th class="invisible"/></tr></table><p class="totop"><a href="#summary">back to summary</a></p>
</body>
</html>
