<?xml version="1.0" encoding="UTF-8"?>
<testng-results ignored="0" total="12" passed="11" failed="1" skipped="0">
  <reporter-output>
  </reporter-output>
  <suite started-at="2025-11-19T14:11:37 IST" name="Suite" finished-at="2025-11-19T14:15:31 IST" duration-ms="233935">
    <groups>
    </groups>
    <test started-at="2025-11-19T14:11:37 IST" name="User" finished-at="2025-11-19T14:14:36 IST" duration-ms="178966">
      <class name="Com_GNG_TestCases_User.Tc_007_Groc_Stores">
        <test-method is-config="true" signature="OpenAppliction(java.lang.String,java.lang.String)[pri:0, instance:Com_GNG_TestCases_User.Tc_007_Groc_Stores@385c9627]" started-at="2025-11-19T14:11:37 IST" name="OpenAppliction" finished-at="2025-11-19T14:11:49 IST" duration-ms="11817" status="PASS">
          <params>
            <param index="0">
              <value>
                <![CDATA[Chrome]]>
              </value>
            </param>
            <param index="1">
              <value>
                <![CDATA[https://qa-grocengomart.w3testing.com/]]>
              </value>
            </param>
          </params>
          <reporter-output>
          </reporter-output>
        </test-method> <!-- OpenAppliction -->
        <test-method signature="Groc_UserLogin()[pri:0, instance:Com_GNG_TestCases_User.Tc_007_Groc_Stores@385c9627]" started-at="2025-11-19T14:11:49 IST" name="Groc_UserLogin" finished-at="2025-11-19T14:11:57 IST" duration-ms="7272" status="PASS">
          <reporter-output>
          </reporter-output>
        </test-method> <!-- Groc_UserLogin -->
        <test-method signature="Home_Functionalityes()[pri:0, instance:Com_GNG_TestCases_User.Tc_007_Groc_Stores@385c9627]" started-at="2025-11-19T14:11:57 IST" name="Home_Functionalityes" finished-at="2025-11-19T14:12:53 IST" duration-ms="55373" status="PASS">
          <reporter-output>
          </reporter-output>
        </test-method> <!-- Home_Functionalityes -->
        <test-method signature="shopPage()[pri:0, instance:Com_GNG_TestCases_User.Tc_007_Groc_Stores@385c9627]" started-at="2025-11-19T14:12:53 IST" name="shopPage" finished-at="2025-11-19T14:13:41 IST" duration-ms="48449" status="PASS">
          <reporter-output>
          </reporter-output>
        </test-method> <!-- shopPage -->
        <test-method signature="Productpage()[pri:0, instance:Com_GNG_TestCases_User.Tc_007_Groc_Stores@385c9627]" started-at="2025-11-19T14:13:41 IST" name="Productpage" finished-at="2025-11-19T14:13:46 IST" duration-ms="4533" status="PASS">
          <reporter-output>
          </reporter-output>
        </test-method> <!-- Productpage -->
        <test-method signature="CheckoutProduct()[pri:0, instance:Com_GNG_TestCases_User.Tc_007_Groc_Stores@385c9627]" started-at="2025-11-19T14:13:47 IST" name="CheckoutProduct" finished-at="2025-11-19T14:14:18 IST" duration-ms="31333" status="PASS">
          <reporter-output>
          </reporter-output>
        </test-method> <!-- CheckoutProduct -->
        <test-method signature="CShipping()[pri:0, instance:Com_GNG_TestCases_User.Tc_007_Groc_Stores@385c9627]" started-at="2025-11-19T14:14:18 IST" name="CShipping" finished-at="2025-11-19T14:14:19 IST" duration-ms="666" status="PASS">
          <reporter-output>
          </reporter-output>
        </test-method> <!-- CShipping -->
        <test-method signature="GrocStores()[pri:0, instance:Com_GNG_TestCases_User.Tc_007_Groc_Stores@385c9627]" started-at="2025-11-19T14:14:19 IST" name="GrocStores" finished-at="2025-11-19T14:14:32 IST" duration-ms="12806" status="PASS">
          <reporter-output>
          </reporter-output>
        </test-method> <!-- GrocStores -->
        <test-method is-config="true" signature="CloseApplication()[pri:0, instance:Com_GNG_TestCases_User.Tc_007_Groc_Stores@385c9627]" started-at="2025-11-19T14:14:32 IST" name="CloseApplication" finished-at="2025-11-19T14:14:36 IST" duration-ms="3461" status="PASS">
          <reporter-output>
          </reporter-output>
        </test-method> <!-- CloseApplication -->
      </class> <!-- Com_GNG_TestCases_User.Tc_007_Groc_Stores -->
    </test> <!-- User -->
    <test started-at="2025-11-19T14:14:36 IST" name="Admin" finished-at="2025-11-19T14:15:31 IST" duration-ms="54409">
      <class name="Com_GNG_TestCases_Admin.Tc_005_Tags">
        <test-method is-config="true" signature="OpenAppliction(java.lang.String,java.lang.String)[pri:0, instance:Com_GNG_TestCases_Admin.Tc_005_Tags@6200f9cb]" started-at="2025-11-19T14:14:36 IST" name="OpenAppliction" finished-at="2025-11-19T14:14:39 IST" duration-ms="3090" status="PASS">
          <params>
            <param index="0">
              <value>
                <![CDATA[Chrome]]>
              </value>
            </param>
            <param index="1">
              <value>
                <![CDATA[https://qa-grocengomart.w3testing.com/admin/login]]>
              </value>
            </param>
          </params>
          <reporter-output>
          </reporter-output>
        </test-method> <!-- OpenAppliction -->
        <test-method signature="testing()[pri:0, instance:Com_GNG_TestCases_Admin.Tc_005_Tags@6200f9cb]" started-at="2025-11-19T14:14:39 IST" name="testing" finished-at="2025-11-19T14:14:44 IST" duration-ms="4871" status="PASS">
          <reporter-output>
          </reporter-output>
        </test-method> <!-- testing -->
        <test-method signature="createTest()[pri:0, instance:Com_GNG_TestCases_Admin.Tc_005_Tags@6200f9cb]" started-at="2025-11-19T14:14:45 IST" name="createTest" finished-at="2025-11-19T14:14:55 IST" duration-ms="10685" status="PASS">
          <reporter-output>
          </reporter-output>
        </test-method> <!-- createTest -->
        <test-method signature="blogTest()[pri:0, instance:Com_GNG_TestCases_Admin.Tc_005_Tags@6200f9cb]" started-at="2025-11-19T14:14:55 IST" name="blogTest" finished-at="2025-11-19T14:15:10 IST" duration-ms="14178" status="FAIL">
          <exception class="org.openqa.selenium.StaleElementReferenceException">
            <message>
              <![CDATA[stale element reference: stale element not found in the current frame
  (Session info: chrome=142.0.7444.163)
For documentation on this error, please visit: https://www.selenium.dev/documentation/webdriver/troubleshooting/errors#stale-element-reference-exception
Build info: version: '4.28.1', revision: '73f5ad48a2'
System info: os.name: 'Windows 10', os.arch: 'amd64', os.version: '10.0', java.version: '21.0.7'
Driver info: org.openqa.selenium.chrome.ChromeDriver
Command: [a7ca7bd7ffcb8c263022a69720c3a46d, sendKeysToElement {value=[Ljava.lang.CharSequence;@76bf1bb8, id=f.FFB180FEE72A0E31FC3E6D22FA072A39.d.E30DD6C3194F60ED214BA7A991D3E3B9.e.339}]
Capabilities {acceptInsecureCerts: false, browserName: chrome, browserVersion: 142.0.7444.163, chrome: {chromedriverVersion: 142.0.7444.175 (302067f14a4..., userDataDir: C:\Users\Personal\AppData\L...}, fedcm:accounts: true, goog:chromeOptions: {debuggerAddress: localhost:64153}, goog:processID: 6688, networkConnectionEnabled: false, pageLoadStrategy: normal, platformName: windows, proxy: Proxy(), se:cdp: ws://localhost:64153/devtoo..., se:cdpVersion: 142.0.7444.163, setWindowRect: true, strictFileInteractability: false, timeouts: {implicit: 0, pageLoad: 300000, script: 30000}, unhandledPromptBehavior: dismiss and notify, webauthn:extension:credBlob: true, webauthn:extension:largeBlob: true, webauthn:extension:minPinLength: true, webauthn:extension:prf: true, webauthn:virtualAuthenticators: true}
Element: [[ChromeDriver: chrome on windows (a7ca7bd7ffcb8c263022a69720c3a46d)] -> xpath: (//input[@placeholder='Value'])[2]]
Session ID: a7ca7bd7ffcb8c263022a69720c3a46d]]>
            </message>
            <full-stacktrace>
              <![CDATA[org.openqa.selenium.StaleElementReferenceException: stale element reference: stale element not found in the current frame
  (Session info: chrome=142.0.7444.163)
For documentation on this error, please visit: https://www.selenium.dev/documentation/webdriver/troubleshooting/errors#stale-element-reference-exception
Build info: version: '4.28.1', revision: '73f5ad48a2'
System info: os.name: 'Windows 10', os.arch: 'amd64', os.version: '10.0', java.version: '21.0.7'
Driver info: org.openqa.selenium.chrome.ChromeDriver
Command: [a7ca7bd7ffcb8c263022a69720c3a46d, sendKeysToElement {value=[Ljava.lang.CharSequence;@76bf1bb8, id=f.FFB180FEE72A0E31FC3E6D22FA072A39.d.E30DD6C3194F60ED214BA7A991D3E3B9.e.339}]
Capabilities {acceptInsecureCerts: false, browserName: chrome, browserVersion: 142.0.7444.163, chrome: {chromedriverVersion: 142.0.7444.175 (302067f14a4..., userDataDir: C:\Users\Personal\AppData\L...}, fedcm:accounts: true, goog:chromeOptions: {debuggerAddress: localhost:64153}, goog:processID: 6688, networkConnectionEnabled: false, pageLoadStrategy: normal, platformName: windows, proxy: Proxy(), se:cdp: ws://localhost:64153/devtoo..., se:cdpVersion: 142.0.7444.163, setWindowRect: true, strictFileInteractability: false, timeouts: {implicit: 0, pageLoad: 300000, script: 30000}, unhandledPromptBehavior: dismiss and notify, webauthn:extension:credBlob: true, webauthn:extension:largeBlob: true, webauthn:extension:minPinLength: true, webauthn:extension:prf: true, webauthn:virtualAuthenticators: true}
Element: [[ChromeDriver: chrome on windows (a7ca7bd7ffcb8c263022a69720c3a46d)] -> xpath: (//input[@placeholder='Value'])[2]]
Session ID: a7ca7bd7ffcb8c263022a69720c3a46d
at java.base/jdk.internal.reflect.DirectConstructorHandleAccessor.newInstance(DirectConstructorHandleAccessor.java:62)
at java.base/java.lang.reflect.Constructor.newInstanceWithCaller(Constructor.java:502)
at java.base/java.lang.reflect.Constructor.newInstance(Constructor.java:486)
at org.openqa.selenium.remote.ErrorCodec.decode(ErrorCodec.java:167)
at org.openqa.selenium.remote.codec.w3c.W3CHttpResponseCodec.decode(W3CHttpResponseCodec.java:138)
at org.openqa.selenium.remote.codec.w3c.W3CHttpResponseCodec.decode(W3CHttpResponseCodec.java:50)
at org.openqa.selenium.remote.HttpCommandExecutor.execute(HttpCommandExecutor.java:215)
at org.openqa.selenium.remote.service.DriverCommandExecutor.invokeExecute(DriverCommandExecutor.java:216)
at org.openqa.selenium.remote.service.DriverCommandExecutor.execute(DriverCommandExecutor.java:174)
at org.openqa.selenium.remote.RemoteWebDriver.execute(RemoteWebDriver.java:545)
at org.openqa.selenium.remote.RemoteWebElement.execute(RemoteWebElement.java:223)
at org.openqa.selenium.remote.RemoteWebElement.sendKeys(RemoteWebElement.java:110)
at java.base/jdk.internal.reflect.DirectMethodHandleAccessor.invoke(DirectMethodHandleAccessor.java:103)
at java.base/java.lang.reflect.Method.invoke(Method.java:580)
at org.openqa.selenium.support.pagefactory.internal.LocatingElementHandler.invoke(LocatingElementHandler.java:51)
at jdk.proxy2/jdk.proxy2.$Proxy15.sendKeys(Unknown Source)
at Com_GNG_PageObjects_Admin.Blog.filter(Blog.java:56)
at Com_GNG_TestCases_Admin.Tc_003_blog.blogTest(Tc_003_blog.java:17)
at java.base/jdk.internal.reflect.DirectMethodHandleAccessor.invoke(DirectMethodHandleAccessor.java:103)
at java.base/java.lang.reflect.Method.invoke(Method.java:580)
at org.testng.internal.invokers.MethodInvocationHelper.invokeMethod(MethodInvocationHelper.java:141)
at org.testng.internal.invokers.TestInvoker.invokeMethod(TestInvoker.java:686)
at org.testng.internal.invokers.TestInvoker.invokeTestMethod(TestInvoker.java:230)
at org.testng.internal.invokers.MethodRunner.runInSequence(MethodRunner.java:63)
at org.testng.internal.invokers.TestInvoker$MethodInvocationAgent.invoke(TestInvoker.java:992)
at org.testng.internal.invokers.TestInvoker.invokeTestMethods(TestInvoker.java:203)
at org.testng.internal.invokers.TestMethodWorker.invokeTestMethods(TestMethodWorker.java:154)
at org.testng.internal.invokers.TestMethodWorker.run(TestMethodWorker.java:134)
at java.base/java.util.ArrayList.forEach(ArrayList.java:1596)
at org.testng.TestRunner.privateRun(TestRunner.java:739)
at org.testng.TestRunner.run(TestRunner.java:614)
at org.testng.SuiteRunner.runTest(SuiteRunner.java:421)
at org.testng.SuiteRunner.runSequentially(SuiteRunner.java:413)
at org.testng.SuiteRunner.privateRun(SuiteRunner.java:373)
at org.testng.SuiteRunner.run(SuiteRunner.java:312)
at org.testng.SuiteRunnerWorker.runSuite(SuiteRunnerWorker.java:52)
at org.testng.SuiteRunnerWorker.run(SuiteRunnerWorker.java:95)
at org.testng.TestNG.runSuitesSequentially(TestNG.java:1274)
at org.testng.TestNG.runSuitesLocally(TestNG.java:1208)
at org.testng.TestNG.runSuites(TestNG.java:1112)
at org.testng.TestNG.run(TestNG.java:1079)
at org.testng.remote.AbstractRemoteTestNG.run(AbstractRemoteTestNG.java:115)
at org.testng.remote.RemoteTestNG.initAndRun(RemoteTestNG.java:293)
at org.testng.remote.RemoteTestNG.main(RemoteTestNG.java:91)
]]>
            </full-stacktrace>
          </exception> <!-- org.openqa.selenium.StaleElementReferenceException -->
          <reporter-output>
          </reporter-output>
        </test-method> <!-- blogTest -->
        <test-method signature="categoryTest()[pri:0, instance:Com_GNG_TestCases_Admin.Tc_005_Tags@6200f9cb]" started-at="2025-11-19T14:15:10 IST" name="categoryTest" finished-at="2025-11-19T14:15:25 IST" duration-ms="15112" status="PASS">
          <reporter-output>
          </reporter-output>
        </test-method> <!-- categoryTest -->
        <test-method signature="tagsTest()[pri:0, instance:Com_GNG_TestCases_Admin.Tc_005_Tags@6200f9cb]" started-at="2025-11-19T14:15:25 IST" name="tagsTest" finished-at="2025-11-19T14:15:27 IST" duration-ms="2010" status="PASS">
          <reporter-output>
          </reporter-output>
        </test-method> <!-- tagsTest -->
        <test-method is-config="true" signature="CloseApplication()[pri:0, instance:Com_GNG_TestCases_Admin.Tc_005_Tags@6200f9cb]" started-at="2025-11-19T14:15:27 IST" name="CloseApplication" finished-at="2025-11-19T14:15:31 IST" duration-ms="3414" status="PASS">
          <reporter-output>
          </reporter-output>
        </test-method> <!-- CloseApplication -->
      </class> <!-- Com_GNG_TestCases_Admin.Tc_005_Tags -->
    </test> <!-- Admin -->
  </suite> <!-- Suite -->
</testng-results>
