<?xml version="1.0" encoding="UTF-8"?>
<!-- Generated by org.testng.reporters.JUnitReportReporter -->
<testsuite hostname="DESKTOP-I9RL5TD" failures="0" tests="6" name="Com_GNG_TestCases_User.Tc_006_OrdePlaced" time="150.984" errors="0" timestamp="2025-11-10T12:57:35 IST" skipped="0">
  <testcase classname="Com_GNG_TestCases_User.Tc_006_OrdePlaced" name="shopPage" time="44.080"/>
  <testcase classname="Com_GNG_TestCases_User.Tc_006_OrdePlaced" name="CheckoutProduct" time="31.106"/>
  <testcase classname="Com_GNG_TestCases_User.Tc_006_OrdePlaced" name="CShipping" time="0.879"/>
  <testcase classname="Com_GNG_TestCases_User.Tc_006_OrdePlaced" name="Home_Functionalityes" time="61.973"/>
  <testcase classname="Com_GNG_TestCases_User.Tc_006_OrdePlaced" name="Groc_UserLogin" time="8.385"/>
  <testcase classname="Com_GNG_TestCases_User.Tc_006_OrdePlaced" name="Productpage" time="4.561"/>
</testsuite> <!-- Com_GNG_TestCases_User.Tc_006_OrdePlaced -->
