<?xml version="1.0" encoding="UTF-8"?>
<!-- Generated by org.testng.reporters.JUnitReportReporter -->
<testsuite hostname="DESKTOP-I9RL5TD" failures="0" tests="7" name="Com_GNG_TestCases_User.Tc_007_Groc_Stores" time="160.432" errors="0" timestamp="2025-11-19T14:15:32 IST" skipped="0">
  <testcase classname="Com_GNG_TestCases_User.Tc_007_Groc_Stores" name="CShipping" time="0.666"/>
  <testcase classname="Com_GNG_TestCases_User.Tc_007_Groc_Stores" name="CheckoutProduct" time="31.333"/>
  <testcase classname="Com_GNG_TestCases_User.Tc_007_Groc_Stores" name="shopPage" time="48.449"/>
  <testcase classname="Com_GNG_TestCases_User.Tc_007_Groc_Stores" name="Home_Functionalityes" time="55.373"/>
  <testcase classname="Com_GNG_TestCases_User.Tc_007_Groc_Stores" name="Groc_UserLogin" time="7.272"/>
  <testcase classname="Com_GNG_TestCases_User.Tc_007_Groc_Stores" name="GrocStores" time="12.806"/>
  <testcase classname="Com_GNG_TestCases_User.Tc_007_Groc_Stores" name="Productpage" time="4.533"/>
</testsuite> <!-- Com_GNG_TestCases_User.Tc_007_Groc_Stores -->
